<?xml version="1.0" encoding="UTF-8"?>
<testsuite xmlns:xsi="http://www.w3.org/2001/XMLSchema-instance" xsi:noNamespaceSchemaLocation="https://maven.apache.org/surefire/maven-surefire-plugin/xsd/surefire-test-report.xsd" name="TestSuite" time="83.411" tests="27" errors="0" skipped="0" failures="3">
  <properties>
[...]
</properties>
  <testcase name="one" classname="Apack.ClassOneTest" time="0.005"/>
  <testcase name="Two" classname="Apack.ClassThreeTest" time="0"/>
  <testcase name="Two" classname="Apack.ClassTwoTest" time="0.001"/>
  <testcase name="SampleAutomation" classname="DemoPro1.DayT2Test" time="37.533"/>
  <testcase name="testRegistration" classname="DemoPro1.DayT3Test" time="0"/>
  <testcase name="testLogin" classname="DemoPro1.DayT3Test" time="0"/>
  <testcase name="testHomepage" classname="DemoPro1.DayT3Test" time="0.001"/>
  <testcase name="Amezon" classname="DemoPro1.DayT4Test" time="0.001"/>
  <testcase name="Dmart" classname="DemoPro1.DayT4Test" time="0"/>
  <testcase name="flipkart" classname="DemoPro1.DayT4Test" time="0"/>
  <testcase name="macys" classname="DemoPro1.DayT4Test" time="0"/>
  <testcase name="testFiveE" classname="DemoPro1.DayT5Test" time="0"/>
  <testcase name="testFourD" classname="DemoPro1.DayT5Test" time="0"/>
  <testcase name="testOneA" classname="DemoPro1.DayT5Test" time="0.032">
    <failure message="&#10;Parameter &apos;URL&apos; is required by @Test on method testOneA but has not been marked @Optional or defined&#10;" type="org.testng.TestNGException">org.testng.TestNGException: 

Parameter 'URL' is required by @Test on method testOneA but has not been marked @Optional or defined

</failure>
  </testcase>
  <testcase name="testThreeC" classname="DemoPro1.DayT5Test" time="0.032">
    <failure message="&#10;Parameter &apos;URLx&apos; is required by @Test on method testThreeC but has not been marked @Optional or defined&#10;" type="org.testng.TestNGException">org.testng.TestNGException: 

Parameter 'URLx' is required by @Test on method testThreeC but has not been marked @Optional or defined

</failure>
  </testcase>
  <testcase name="testTwoB" classname="DemoPro1.DayT5Test" time="0.033">
    <failure message="&#10;Parameter &apos;URL&apos; is required by @Test on method testTwoB but has not been marked @Optional or defined&#10;" type="org.testng.TestNGException">org.testng.TestNGException: 

Parameter 'URL' is required by @Test on method testTwoB but has not been marked @Optional or defined

</failure>
  </testcase>
  <testcase name="loginfuctionality" classname="DemoPro1.DayT6Test" time="0.001"/>
  <testcase name="loginfuctionality" classname="DemoPro1.DayT6Test" time="0"/>
  <testcase name="loginfuctionality" classname="DemoPro1.DayT6Test" time="0"/>
  <testcase name="mOne" classname="DemoPro1.OneTest" time="14.176"/>
  <testcase name="OneTest" classname="DemoPro1.POITest" time="20.059"/>
  <testcase name="ClassSeven" classname="Listeners.DayT7Test" time="11.028"/>
  <testcase name="Two" classname="Rpack.ClassFiveTest" time="0.001"/>
  <testcase name="Two" classname="Rpack.ClassFourTest" time="0"/>
  <testcase name="Two" classname="Rpack.ClassSixTest" time="0.001"/>
  <testcase name="Two" classname="Spack.ClassEightTest" time="0"/>
  <testcase name="Two" classname="Spack.ClassSevenTest" time="0"/>
</testsuite>