<?xml version="1.0" encoding="UTF-8"?>
<testng-results ignored="0" total="1" passed="1" failed="0" skipped="0">
  <reporter-output>
  </reporter-output>
  <suite started-at="2022-11-16T23:07:39 IST" name="Default suite" finished-at="2022-11-16T23:07:50 IST" duration-ms="11620">
    <groups>
    </groups>
    <test started-at="2022-11-16T23:07:39 IST" name="Default test" finished-at="2022-11-16T23:07:50 IST" duration-ms="11620">
      <class name="tPack.Demo">
        <test-method signature="SampleAuto()[pri:0, instance:tPack.Demo@595b007d]" started-at="2022-11-16T23:07:39 IST" name="SampleAuto" finished-at="2022-11-16T23:07:50 IST" duration-ms="11581" status="PASS">
          <reporter-output>
          </reporter-output>
        </test-method> <!-- SampleAuto -->
      </class> <!-- tPack.Demo -->
    </test> <!-- Default test -->
  </suite> <!-- Default suite -->
</testng-results>
