<?xml version="1.0" encoding="UTF-8"?>
<testng-results ignored="0" total="1" passed="1" failed="0" skipped="0">
  <reporter-output>
  </reporter-output>
  <suite started-at="2022-12-10T12:08:58 IST" name="Default suite" finished-at="2022-12-10T12:08:59 IST" duration-ms="803">
    <groups>
    </groups>
    <test started-at="2022-12-10T12:08:58 IST" name="Default test" finished-at="2022-12-10T12:08:59 IST" duration-ms="803">
      <class name="Excell.Excell_Class">
        <test-method signature="method()[pri:0, instance:Excell.Excell_Class@799f10e1]" started-at="2022-12-10T12:08:58 IST" name="method" finished-at="2022-12-10T12:08:59 IST" duration-ms="763" status="PASS">
          <reporter-output>
          </reporter-output>
        </test-method> <!-- method -->
      </class> <!-- Excell.Excell_Class -->
    </test> <!-- Default test -->
  </suite> <!-- Default suite -->
</testng-results>
