<?xml version="1.0" encoding="UTF-8"?>
<!-- Generated by org.testng.reporters.JUnitXMLReporter -->
<testsuite ignored="0" hostname="DESKTOP-J50SVVR" failures="1" tests="5" name="Test" time="46.048" errors="0" timestamp="2022-11-23T21:54:32 IST">
  <testcase classname="tests.RegisterTest" name="registerNewAccountByProvidingAllDetails" time="1.627">
    <failure type="java.lang.AssertionError" message="expected [ABC Your Account Has Been Created!] but found [Your Account Has Been Created!]">
      <![CDATA[java.lang.AssertionError: expected [ABC Your Account Has Been Created!] but found [Your Account Has Been Created!]
at tests.RegisterTest.registerNewAccountByProvidingAllDetails(RegisterTest.java:40)
at java.base/java.util.ArrayList.forEach(ArrayList.java:1511)
... Removed 33 stack frames]]>
    </failure>
  </testcase> <!-- registerNewAccountByProvidingAllDetails -->
  <testcase classname="tests.RegisterTest" name="registerNewAccountByProvidingMandatoryDetails" time="2.185"/>
  <testcase classname="tests.LoginTest" name="loginWithValidCredentails" time="0.929"/>
  <testcase classname="tests.LoginTest" name="loginWithInvalidEmailAddressAndValidPassword" time="0.865"/>
  <testcase classname="tests.LoginTest" name="loginWithValidEmailAddressAndInvalidValidPassword" time="0.789"/>
</testsuite> <!-- Test -->
